<?xml version="1.0" encoding="UTF-8" ?>
<testsuite tests="3" failures="0" name="util.runnerTest" time="49.48" errors="1" skipped="0">
  <properties>
[...]
</properties>
  <testcase classname="Login to the application" name="Login with correct username and password" time="16.88">
    <error message="This is not home page" type="java.lang.IllegalStateException">java.lang.IllegalStateException: This is not home page
	at stepdefinitions.loginSteps.iEnteredToTheHomeScreen(loginSteps.java:40)
	at ✽.I entered to the home screen(file:///C:/Users/Admin1/IdeaProjects/Test/src/test/resources/features/login.feature:7)
</error>
    <system-err>Starting ChromeDriver 113.0.5672.63 (0e1a4471d5ae5bf128b1bd8f4d627c8cbd55f70c-refs/branch-heads/5672@{#912}) on port 40811
Only local connections are allowed.
Please see https://chromedriver.chromium.org/security-considerations for suggestions on keeping ChromeDriver safe.
ChromeDriver was started successfully.
May 29, 2023 4:08:25 PM org.openqa.selenium.remote.ProtocolHandshake createSession
INFO: Detected dialect: W3C
</system-err>
  </testcase>
  <testcase classname="Registration of application" name="Registration process check when invalid account number given #1" time="15.86"/>
  <testcase classname="Registration of application" name="Registration process check when invalid account number given #2" time="16.74"/>
</testsuite>