-------------------------------------------------------------------------------
Test set: util.runnerTest
-------------------------------------------------------------------------------
Tests run: 3, Failures: 0, Errors: 1, Skipped: 0, Time elapsed: 50.021 sec <<< FAILURE!
Login with correct username and password(Login to the application)  Time elapsed: 16.88 sec  <<< ERROR!
java.lang.IllegalStateException: This is not home page
	at stepdefinitions.loginSteps.iEnteredToTheHomeScreen(loginSteps.java:40)
	at ?.I entered to the home screen(file:///C:/Users/Admin1/IdeaProjects/Test/src/test/resources/features/login.feature:7)

